a:\desktop files\minecraft stuff\bedrock modding\flare-client\flare client\x64\release\vc142.pdb
a:\desktop files\minecraft stuff\bedrock modding\flare-client\flare client\x64\release\nofall.obj
a:\desktop files\minecraft stuff\bedrock modding\flare-client\flare client\x64\release\noknockback.obj
a:\desktop files\minecraft stuff\bedrock modding\flare-client\flare client\x64\release\noweb.obj
a:\desktop files\minecraft stuff\bedrock modding\flare-client\flare client\x64\release\noslowdown.obj
a:\desktop files\minecraft stuff\bedrock modding\flare-client\flare client\x64\release\triggerbot.obj
a:\desktop files\minecraft stuff\bedrock modding\flare-client\flare client\x64\release\flareclient.obj
a:\desktop files\minecraft stuff\bedrock modding\flare-client\flare client\x64\release\littlehacker.obj
a:\desktop files\minecraft stuff\bedrock modding\flare-client\flare client\x64\release\imgui_widgets.obj
a:\desktop files\minecraft stuff\bedrock modding\flare-client\flare client\x64\release\imgui_impl_win32.obj
a:\desktop files\minecraft stuff\bedrock modding\flare-client\flare client\x64\release\imgui_impl_dx9.obj
a:\desktop files\minecraft stuff\bedrock modding\flare-client\flare client\x64\release\imgui_draw.obj
a:\desktop files\minecraft stuff\bedrock modding\flare-client\flare client\x64\release\imgui.obj
a:\desktop files\minecraft stuff\bedrock modding\flare-client\flare client\x64\release\entitylist.obj
a:\desktop files\minecraft stuff\bedrock modding\flare-client\flare client\x64\release\hitbox.obj
a:\desktop files\minecraft stuff\bedrock modding\flare-client\flare client\x64\release\modulehandler.obj
a:\desktop files\minecraft stuff\bedrock modding\flare-client\flare client\x64\release\airjump.obj
a:\desktop files\minecraft stuff\bedrock modding\flare-client\flare client\x64\release\airaccelerationspeed.obj
a:\desktop files\minecraft stuff\bedrock modding\flare-client\flare client\x64\release\gamemode.obj
a:\desktop files\minecraft stuff\bedrock modding\flare-client\flare client\x64\release\flare client.tlog\cl.command.1.tlog
a:\desktop files\minecraft stuff\bedrock modding\flare-client\flare client\x64\release\flare client.tlog\cl.read.1.tlog
a:\desktop files\minecraft stuff\bedrock modding\flare-client\flare client\x64\release\flare client.tlog\cl.write.1.tlog
